<?xml version="1.0" encoding="UTF-8"?>
<!-- Generated by org.testng.reporters.JUnitXMLReporter -->
<testsuite ignored="0" hostname="mindc1d445" failures="0" tests="9" name="Default test" time="40.168" errors="0" timestamp="2022-05-23T13:33:04 IST">
  <testcase classname="com.mindtree.runner.TestCase" name="test1" time="1.86"/>
  <testcase classname="com.mindtree.runner.TestCase" name="test2" time="2.483"/>
  <testcase classname="com.mindtree.runner.TestCase" name="test3" time="2.009"/>
  <testcase classname="com.mindtree.runner.TestCase" name="test4" time="2.519"/>
  <testcase classname="com.mindtree.runner.TestCase" name="test6" time="3.37"/>
  <testcase classname="com.mindtree.runner.TestCase" name="test7" time="2.513"/>
  <testcase classname="com.mindtree.runner.TestCase" name="test8" time="2.161"/>
  <testcase classname="com.mindtree.runner.TestCase" name="test9" time="1.717"/>
  <testcase classname="com.mindtree.runner.TestCase" name="test10" time="1.51"/>
</testsuite> <!-- Default test -->
