<?xml version="1.0" encoding="UTF-8"?>
<testng-results ignored="0" total="9" passed="9" failed="0" skipped="0">
  <reporter-output>
    <line>
      <![CDATA[Setting up report and test is getting ready]]>
    </line>
    <line>
      <![CDATA[Setting done -Test can be started]]>
    </line>
    <line>
      <![CDATA[Test is about to end]]>
    </line>
    <line>
      <![CDATA[Test completed >>>Report generated]]>
    </line>
    <line>
      <![CDATA[Test is about to end]]>
    </line>
    <line>
      <![CDATA[Test completed >>>Report generated]]>
    </line>
    <line>
      <![CDATA[Test is about to end]]>
    </line>
    <line>
      <![CDATA[Test completed >>>Report generated]]>
    </line>
    <line>
      <![CDATA[Test is about to end]]>
    </line>
    <line>
      <![CDATA[Test completed >>>Report generated]]>
    </line>
    <line>
      <![CDATA[Test is about to end]]>
    </line>
    <line>
      <![CDATA[Test completed >>>Report generated]]>
    </line>
    <line>
      <![CDATA[Test is about to end]]>
    </line>
    <line>
      <![CDATA[Test completed >>>Report generated]]>
    </line>
    <line>
      <![CDATA[Test is about to end]]>
    </line>
    <line>
      <![CDATA[Test completed >>>Report generated]]>
    </line>
    <line>
      <![CDATA[Test is about to end]]>
    </line>
    <line>
      <![CDATA[Test completed >>>Report generated]]>
    </line>
    <line>
      <![CDATA[Test is about to end]]>
    </line>
    <line>
      <![CDATA[Test completed >>>Report generated]]>
    </line>
  </reporter-output>
  <suite started-at="2022-05-23T13:32:24 IST" name="Default suite" finished-at="2022-05-23T13:33:04 IST" duration-ms="40168">
    <groups>
    </groups>
    <test started-at="2022-05-23T13:32:24 IST" name="Default test" finished-at="2022-05-23T13:33:04 IST" duration-ms="40168">
      <class name="com.mindtree.runner.TestCase">
        <test-method is-config="true" signature="setUpSuit()[pri:0, instance:com.mindtree.runner.TestCase@16610890]" started-at="2022-05-23T13:32:23 IST" name="setUpSuit" finished-at="2022-05-23T13:32:24 IST" duration-ms="554" status="PASS">
          <reporter-output>
            <line>
              <![CDATA[Setting up report and test is getting ready]]>
            </line>
            <line>
              <![CDATA[Setting done -Test can be started]]>
            </line>
          </reporter-output>
        </test-method> <!-- setUpSuit -->
        <test-method is-config="true" signature="setUp()[pri:0, instance:com.mindtree.runner.TestCase@16610890]" started-at="2022-05-23T13:32:24 IST" name="setUp" finished-at="2022-05-23T13:32:38 IST" duration-ms="14655" status="PASS">
          <reporter-output>
          </reporter-output>
        </test-method> <!-- setUp -->
        <test-method signature="test1()[pri:1, instance:com.mindtree.runner.TestCase@16610890]" started-at="2022-05-23T13:32:38 IST" name="test1" finished-at="2022-05-23T13:32:40 IST" duration-ms="1860" status="PASS">
          <reporter-output>
          </reporter-output>
        </test-method> <!-- test1 -->
        <test-method is-config="true" signature="tearDownM(org.testng.ITestResult)[pri:0, instance:com.mindtree.runner.TestCase@16610890]" started-at="2022-05-23T13:32:40 IST" name="tearDownM" finished-at="2022-05-23T13:32:41 IST" duration-ms="796" status="PASS">
          <params>
            <param index="0">
              <value>
                <![CDATA[[TestResult name=test1 status=SUCCESS method=TestCase.test1()[pri:1, instance:com.mindtree.runner.TestCase@16610890] output={null}]]]>
              </value>
            </param>
          </params>
          <reporter-output>
            <line>
              <![CDATA[Test is about to end]]>
            </line>
            <line>
              <![CDATA[Test completed >>>Report generated]]>
            </line>
          </reporter-output>
        </test-method> <!-- tearDownM -->
        <test-method signature="test2()[pri:2, instance:com.mindtree.runner.TestCase@16610890]" started-at="2022-05-23T13:32:41 IST" name="test2" finished-at="2022-05-23T13:32:44 IST" duration-ms="2483" status="PASS">
          <reporter-output>
          </reporter-output>
        </test-method> <!-- test2 -->
        <test-method is-config="true" signature="tearDownM(org.testng.ITestResult)[pri:0, instance:com.mindtree.runner.TestCase@16610890]" started-at="2022-05-23T13:32:44 IST" name="tearDownM" finished-at="2022-05-23T13:32:44 IST" duration-ms="573" status="PASS">
          <params>
            <param index="0">
              <value>
                <![CDATA[[TestResult name=test2 status=SUCCESS method=TestCase.test2()[pri:2, instance:com.mindtree.runner.TestCase@16610890] output={null}]]]>
              </value>
            </param>
          </params>
          <reporter-output>
            <line>
              <![CDATA[Test is about to end]]>
            </line>
            <line>
              <![CDATA[Test completed >>>Report generated]]>
            </line>
          </reporter-output>
        </test-method> <!-- tearDownM -->
        <test-method signature="test3()[pri:3, instance:com.mindtree.runner.TestCase@16610890]" started-at="2022-05-23T13:32:44 IST" name="test3" finished-at="2022-05-23T13:32:46 IST" duration-ms="2009" status="PASS">
          <reporter-output>
          </reporter-output>
        </test-method> <!-- test3 -->
        <test-method is-config="true" signature="tearDownM(org.testng.ITestResult)[pri:0, instance:com.mindtree.runner.TestCase@16610890]" started-at="2022-05-23T13:32:46 IST" name="tearDownM" finished-at="2022-05-23T13:32:46 IST" duration-ms="331" status="PASS">
          <params>
            <param index="0">
              <value>
                <![CDATA[[TestResult name=test3 status=SUCCESS method=TestCase.test3()[pri:3, instance:com.mindtree.runner.TestCase@16610890] output={null}]]]>
              </value>
            </param>
          </params>
          <reporter-output>
            <line>
              <![CDATA[Test is about to end]]>
            </line>
            <line>
              <![CDATA[Test completed >>>Report generated]]>
            </line>
          </reporter-output>
        </test-method> <!-- tearDownM -->
        <test-method signature="test4()[pri:4, instance:com.mindtree.runner.TestCase@16610890]" started-at="2022-05-23T13:32:46 IST" name="test4" finished-at="2022-05-23T13:32:49 IST" duration-ms="2519" status="PASS">
          <reporter-output>
          </reporter-output>
        </test-method> <!-- test4 -->
        <test-method is-config="true" signature="tearDownM(org.testng.ITestResult)[pri:0, instance:com.mindtree.runner.TestCase@16610890]" started-at="2022-05-23T13:32:49 IST" name="tearDownM" finished-at="2022-05-23T13:32:49 IST" duration-ms="295" status="PASS">
          <params>
            <param index="0">
              <value>
                <![CDATA[[TestResult name=test4 status=SUCCESS method=TestCase.test4()[pri:4, instance:com.mindtree.runner.TestCase@16610890] output={null}]]]>
              </value>
            </param>
          </params>
          <reporter-output>
            <line>
              <![CDATA[Test is about to end]]>
            </line>
            <line>
              <![CDATA[Test completed >>>Report generated]]>
            </line>
          </reporter-output>
        </test-method> <!-- tearDownM -->
        <test-method signature="test6()[pri:6, instance:com.mindtree.runner.TestCase@16610890]" started-at="2022-05-23T13:32:49 IST" name="test6" finished-at="2022-05-23T13:32:53 IST" duration-ms="3370" status="PASS">
          <reporter-output>
          </reporter-output>
        </test-method> <!-- test6 -->
        <test-method is-config="true" signature="tearDownM(org.testng.ITestResult)[pri:0, instance:com.mindtree.runner.TestCase@16610890]" started-at="2022-05-23T13:32:53 IST" name="tearDownM" finished-at="2022-05-23T13:32:53 IST" duration-ms="481" status="PASS">
          <params>
            <param index="0">
              <value>
                <![CDATA[[TestResult name=test6 status=SUCCESS method=TestCase.test6()[pri:6, instance:com.mindtree.runner.TestCase@16610890] output={null}]]]>
              </value>
            </param>
          </params>
          <reporter-output>
            <line>
              <![CDATA[Test is about to end]]>
            </line>
            <line>
              <![CDATA[Test completed >>>Report generated]]>
            </line>
          </reporter-output>
        </test-method> <!-- tearDownM -->
        <test-method signature="test7()[pri:7, instance:com.mindtree.runner.TestCase@16610890]" started-at="2022-05-23T13:32:53 IST" name="test7" finished-at="2022-05-23T13:32:56 IST" duration-ms="2513" status="PASS">
          <reporter-output>
          </reporter-output>
        </test-method> <!-- test7 -->
        <test-method is-config="true" signature="tearDownM(org.testng.ITestResult)[pri:0, instance:com.mindtree.runner.TestCase@16610890]" started-at="2022-05-23T13:32:56 IST" name="tearDownM" finished-at="2022-05-23T13:32:57 IST" duration-ms="1434" status="PASS">
          <params>
            <param index="0">
              <value>
                <![CDATA[[TestResult name=test7 status=SUCCESS method=TestCase.test7()[pri:7, instance:com.mindtree.runner.TestCase@16610890] output={null}]]]>
              </value>
            </param>
          </params>
          <reporter-output>
            <line>
              <![CDATA[Test is about to end]]>
            </line>
            <line>
              <![CDATA[Test completed >>>Report generated]]>
            </line>
          </reporter-output>
        </test-method> <!-- tearDownM -->
        <test-method signature="test8()[pri:8, instance:com.mindtree.runner.TestCase@16610890]" started-at="2022-05-23T13:32:57 IST" name="test8" finished-at="2022-05-23T13:32:59 IST" duration-ms="2161" status="PASS">
          <reporter-output>
          </reporter-output>
        </test-method> <!-- test8 -->
        <test-method is-config="true" signature="tearDownM(org.testng.ITestResult)[pri:0, instance:com.mindtree.runner.TestCase@16610890]" started-at="2022-05-23T13:32:59 IST" name="tearDownM" finished-at="2022-05-23T13:33:00 IST" duration-ms="329" status="PASS">
          <params>
            <param index="0">
              <value>
                <![CDATA[[TestResult name=test8 status=SUCCESS method=TestCase.test8()[pri:8, instance:com.mindtree.runner.TestCase@16610890] output={null}]]]>
              </value>
            </param>
          </params>
          <reporter-output>
            <line>
              <![CDATA[Test is about to end]]>
            </line>
            <line>
              <![CDATA[Test completed >>>Report generated]]>
            </line>
          </reporter-output>
        </test-method> <!-- tearDownM -->
        <test-method signature="test9()[pri:9, instance:com.mindtree.runner.TestCase@16610890]" started-at="2022-05-23T13:33:00 IST" name="test9" finished-at="2022-05-23T13:33:01 IST" duration-ms="1717" status="PASS">
          <reporter-output>
          </reporter-output>
        </test-method> <!-- test9 -->
        <test-method is-config="true" signature="tearDownM(org.testng.ITestResult)[pri:0, instance:com.mindtree.runner.TestCase@16610890]" started-at="2022-05-23T13:33:01 IST" name="tearDownM" finished-at="2022-05-23T13:33:02 IST" duration-ms="430" status="PASS">
          <params>
            <param index="0">
              <value>
                <![CDATA[[TestResult name=test9 status=SUCCESS method=TestCase.test9()[pri:9, instance:com.mindtree.runner.TestCase@16610890] output={null}]]]>
              </value>
            </param>
          </params>
          <reporter-output>
            <line>
              <![CDATA[Test is about to end]]>
            </line>
            <line>
              <![CDATA[Test completed >>>Report generated]]>
            </line>
          </reporter-output>
        </test-method> <!-- tearDownM -->
        <test-method signature="test10()[pri:10, instance:com.mindtree.runner.TestCase@16610890]" started-at="2022-05-23T13:33:02 IST" name="test10" finished-at="2022-05-23T13:33:03 IST" duration-ms="1510" status="PASS">
          <reporter-output>
          </reporter-output>
        </test-method> <!-- test10 -->
        <test-method is-config="true" signature="tearDownM(org.testng.ITestResult)[pri:0, instance:com.mindtree.runner.TestCase@16610890]" started-at="2022-05-23T13:33:03 IST" name="tearDownM" finished-at="2022-05-23T13:33:04 IST" duration-ms="245" status="PASS">
          <params>
            <param index="0">
              <value>
                <![CDATA[[TestResult name=test10 status=SUCCESS method=TestCase.test10()[pri:10, instance:com.mindtree.runner.TestCase@16610890] output={null}]]]>
              </value>
            </param>
          </params>
          <reporter-output>
            <line>
              <![CDATA[Test is about to end]]>
            </line>
            <line>
              <![CDATA[Test completed >>>Report generated]]>
            </line>
          </reporter-output>
        </test-method> <!-- tearDownM -->
        <test-method is-config="true" signature="tearDown()[pri:0, instance:com.mindtree.runner.TestCase@16610890]" started-at="2022-05-23T13:33:04 IST" name="tearDown" finished-at="2022-05-23T13:33:04 IST" duration-ms="383" status="PASS">
          <reporter-output>
          </reporter-output>
        </test-method> <!-- tearDown -->
      </class> <!-- com.mindtree.runner.TestCase -->
    </test> <!-- Default test -->
  </suite> <!-- Default suite -->
</testng-results>
